<?xml version="1.0" encoding="UTF-8"?>
<testsuite xmlns:xsi="http://www.w3.org/2001/XMLSchema-instance" xsi:noNamespaceSchemaLocation="https://maven.apache.org/surefire/maven-surefire-plugin/xsd/surefire-test-report-3.0.xsd" version="3.0" name="com.project.TestMainAll" time="25.027" tests="1" errors="0" skipped="0" failures="0">
  <properties>
[...]
</properties>
  <testcase name="testRunTests" classname="com.project.TestMainAll" time="24.982">
    <system-out><![CDATA[
* Les notes de cada UF només són vàlides si s'han de recuperar
Nota UF1 = 6.00 (pot sumar punts d'altres UFs)
Nota UF2 = 6.00 (pot sumar punts d'altres UFs)
Nota UF3 = 6.00 (pot sumar punts d'altres UFs)
]]></system-out>
  </testcase>
</testsuite>