<?xml version="1.0" encoding="UTF-8"?>
<testsuite xmlns:xsi="http://www.w3.org/2001/XMLSchema-instance" xsi:noNamespaceSchemaLocation="https://maven.apache.org/surefire/maven-surefire-plugin/xsd/surefire-test-report-3.0.xsd" version="3.0" name="com.project.TestMainUF6" time="0.776" tests="4" errors="0" skipped="0" failures="0">
  <properties>
[...]
</properties>
  <testcase name="testMainOutput" classname="com.project.TestMainUF6" time="0.695"/>
  <testcase name="testFunctionality" classname="com.project.TestMainUF6" time="0.021">
    <system-out><![CDATA[Llista de dispositius:
[deviceId=1, name='Laptop-1', location='Room 101', type='Laptop', purchaseDate=2022-01-10]
[deviceId=2, name='Scanner-1', location='Room 202', type='Scanner', purchaseDate=2021-07-15]
[deviceId=3, name='Router-1', location='Networking', type='Router', purchaseDate=2020-09-05]

Llista de reparacions:
[repairId=1, deviceId=1, technician='Alex Brown', repairDate=2023-04-12 23:45:00.0, description='Updated firmware']
[repairId=2, deviceId=2, technician='Sara White', repairDate=2023-08-01 10:30:00.0, description='Replaced scanning lamp']
[repairId=3, deviceId=3, technician='Tom Green', repairDate=2023-12-15 14:20:00.0, description='Reset to factory settings']

Llista de dispositius després de modificar la localització:
[deviceId=1, name='Laptop-1', location='Room 102', type='Laptop', purchaseDate=2022-01-10]
[deviceId=2, name='Scanner-1', location='Room 202', type='Scanner', purchaseDate=2021-07-15]
[deviceId=3, name='Router-1', location='Networking', type='Router', purchaseDate=2020-09-05]

Freqüència de reparacions per dispositiu:
Device ID: 1, Repair Count: 1
Device ID: 2, Repair Count: 1
Device ID: 3, Repair Count: 1

Filtrar reparacions per tècnic 'Alex Brown':
[repairId=1, deviceId=1, technician='Alex Brown', repairDate=2023-04-12 23:45:00.0, description='Updated firmware']

Total de reparacions per tipus de dispositiu 'Scanner': 1
Oldest Device: [deviceId=3, name='Router-1', location='Networking', type='Router', purchaseDate=2020-09-05]
]]></system-out>
  </testcase>
  <testcase name="testMainTables" classname="com.project.TestMainUF6" time="0.024"/>
  <testcase name="testMainCalls" classname="com.project.TestMainUF6" time="0.003"/>
</testsuite>